# JRE version: OpenJDK Runtime Environment Temurin-19.0.2+7 (19.0.2+7) (build 19.0.2+7)
# Java VM: OpenJDK 64-Bit Server VM Temurin-19.0.2+7 (19.0.2+7, mixed mode, emulated-client, tiered, compressed oops, compressed class ptrs, g1 gc, windows-amd64)
GC Precious Log:
 CardTable entry size: 512
 Card Set container configuration: InlinePtr #cards 5 size 8 Array Of Cards #cards 12 size 40 Howl #buckets 4 coarsen threshold 1843 Howl Bitmap #cards 512 size 80 coarsen threshold 460 Card regions per heap region 1 cards per card region 2048
 CPUs: 8 total, 8 available
 Memory: 7914M
 Large Page Support: Disabled
 NUMA Support: Disabled
 Compressed Oops: Enabled (32-bit)
 Heap Region Size: 1M
 Heap Min Capacity: 8M
 Heap Initial Capacity: 124M
 Heap Max Capacity: 1980M
 Pre-touch: Disabled
 Parallel Workers: 8
 Concurrent Workers: 2
 Concurrent Refinement Workers: 8
 Periodic GC: Disabled
Heap:
 garbage-first heap   total 198656K, used 68186K [0x0000000084400000, 0x0000000100000000)
  region size 1024K, 43 young (44032K), 10 survivors (10240K)
 Metaspace       used 87309K, committed 88064K, reserved 1179648K
  class space    used 11580K, committed 11904K, reserved 1048576K
GC Heap History (20 events):
Event: 2.778 GC heap before
{Heap before GC invocations=13 (full 0):
 garbage-first heap   total 78848K, used 61693K [0x0000000084400000, 0x0000000100000000)
  region size 1024K, 45 young (46080K), 1 survivors (1024K)
 Metaspace       used 41979K, committed 42496K, reserved 1114112K
  class space    used 5131K, committed 5376K, reserved 1048576K
}
Event: 2.783 GC heap after
{Heap after GC invocations=14 (full 0):
 garbage-first heap   total 78848K, used 19850K [0x0000000084400000, 0x0000000100000000)
  region size 1024K, 3 young (3072K), 3 survivors (3072K)
 Metaspace       used 41979K, committed 42496K, reserved 1114112K
  class space    used 5131K, committed 5376K, reserved 1048576K
}
Event: 3.116 GC heap before
{Heap before GC invocations=14 (full 0):
 garbage-first heap   total 78848K, used 62858K [0x0000000084400000, 0x0000000100000000)
  region size 1024K, 45 young (46080K), 3 survivors (3072K)
 Metaspace       used 44820K, committed 45312K, reserved 1114112K
  class space    used 5461K, committed 5696K, reserved 1048576K
}
Event: 3.120 GC heap after
{Heap after GC invocations=15 (full 0):
 garbage-first heap   total 78848K, used 22200K [0x0000000084400000, 0x0000000100000000)
  region size 1024K, 5 young (5120K), 5 survivors (5120K)
 Metaspace       used 44820K, committed 45312K, reserved 1114112K
  class space    used 5461K, committed 5696K, reserved 1048576K
}
Event: 3.567 GC heap before
{Heap before GC invocations=15 (full 0):
 garbage-first heap   total 78848K, used 63160K [0x0000000084400000, 0x0000000100000000)
  region size 1024K, 45 young (46080K), 5 survivors (5120K)
 Metaspace       used 51464K, committed 52096K, reserved 1114112K
  class space    used 6190K, committed 6528K, reserved 1048576K
}
Event: 3.573 GC heap after
{Heap after GC invocations=16 (full 0):
 garbage-first heap   total 134144K, used 23698K [0x0000000084400000, 0x0000000100000000)
  region size 1024K, 4 young (4096K), 4 survivors (4096K)
 Metaspace       used 51464K, committed 52096K, reserved 1114112K
  class space    used 6190K, committed 6528K, reserved 1048576K
}
Event: 4.056 GC heap before
{Heap before GC invocations=16 (full 0):
 garbage-first heap   total 134144K, used 99474K [0x0000000084400000, 0x0000000100000000)
  region size 1024K, 78 young (79872K), 4 survivors (4096K)
 Metaspace       used 58191K, committed 58816K, reserved 1114112K
  class space    used 7193K, committed 7488K, reserved 1048576K
}
Event: 4.060 GC heap after
{Heap after GC invocations=17 (full 0):
 garbage-first heap   total 134144K, used 25637K [0x0000000084400000, 0x0000000100000000)
  region size 1024K, 6 young (6144K), 6 survivors (6144K)
 Metaspace       used 58191K, committed 58816K, reserved 1114112K
  class space    used 7193K, committed 7488K, reserved 1048576K
}
Event: 4.168 GC heap before
{Heap before GC invocations=17 (full 0):
 garbage-first heap   total 134144K, used 39973K [0x0000000084400000, 0x0000000100000000)
  region size 1024K, 21 young (21504K), 6 survivors (6144K)
 Metaspace       used 59589K, committed 60160K, reserved 1114112K
  class space    used 7368K, committed 7680K, reserved 1048576K
}
Event: 4.172 GC heap after
{Heap after GC invocations=18 (full 0):
 garbage-first heap   total 134144K, used 25969K [0x0000000084400000, 0x0000000100000000)
  region size 1024K, 4 young (4096K), 4 survivors (4096K)
 Metaspace       used 59589K, committed 60160K, reserved 1114112K
  class space    used 7368K, committed 7680K, reserved 1048576K
}
Event: 4.556 GC heap before
{Heap before GC invocations=19 (full 0):
 garbage-first heap   total 99328K, used 80241K [0x0000000084400000, 0x0000000100000000)
  region size 1024K, 58 young (59392K), 4 survivors (4096K)
 Metaspace       used 65469K, committed 66048K, reserved 1114112K
  class space    used 8290K, committed 8576K, reserved 1048576K
}
Event: 4.560 GC heap after
{Heap after GC invocations=20 (full 0):
 garbage-first heap   total 99328K, used 26753K [0x0000000084400000, 0x0000000100000000)
  region size 1024K, 5 young (5120K), 5 survivors (5120K)
 Metaspace       used 65469K, committed 66048K, reserved 1114112K
  class space    used 8290K, committed 8576K, reserved 1048576K
}
Event: 4.567 GC heap before
{Heap before GC invocations=20 (full 0):
 garbage-first heap   total 99328K, used 27777K [0x0000000084400000, 0x0000000100000000)
  region size 1024K, 6 young (6144K), 5 survivors (5120K)
 Metaspace       used 65564K, committed 66112K, reserved 1114112K
  class space    used 8314K, committed 8576K, reserved 1048576K
}
Event: 4.570 GC heap after
{Heap after GC invocations=21 (full 0):
 garbage-first heap   total 99328K, used 27090K [0x0000000084400000, 0x0000000100000000)
  region size 1024K, 1 young (1024K), 1 survivors (1024K)
 Metaspace       used 65564K, committed 66112K, reserved 1114112K
  class space    used 8314K, committed 8576K, reserved 1048576K
}
Event: 4.925 GC heap before
{Heap before GC invocations=21 (full 0):
 garbage-first heap   total 99328K, used 81362K [0x0000000084400000, 0x0000000100000000)
  region size 1024K, 55 young (56320K), 1 survivors (1024K)
 Metaspace       used 70362K, committed 70976K, reserved 1114112K
  class space    used 9094K, committed 9408K, reserved 1048576K
}
Event: 4.927 GC heap after
{Heap after GC invocations=22 (full 0):
 garbage-first heap   total 198656K, used 27334K [0x0000000084400000, 0x0000000100000000)
  region size 1024K, 2 young (2048K), 2 survivors (2048K)
 Metaspace       used 70362K, committed 70976K, reserved 1114112K
  class space    used 9094K, committed 9408K, reserved 1048576K
}
Event: 5.571 GC heap before
{Heap before GC invocations=22 (full 0):
 garbage-first heap   total 198656K, used 143046K [0x0000000084400000, 0x0000000100000000)
  region size 1024K, 116 young (118784K), 2 survivors (2048K)
 Metaspace       used 78898K, committed 79616K, reserved 1179648K
  class space    used 10424K, committed 10752K, reserved 1048576K
}
Event: 5.577 GC heap after
{Heap after GC invocations=23 (full 0):
 garbage-first heap   total 198656K, used 31638K [0x0000000084400000, 0x0000000100000000)
  region size 1024K, 6 young (6144K), 6 survivors (6144K)
 Metaspace       used 78898K, committed 79616K, reserved 1179648K
  class space    used 10424K, committed 10752K, reserved 1048576K
}
Event: 8.811 GC heap before
{Heap before GC invocations=23 (full 0):
 garbage-first heap   total 198656K, used 144278K [0x0000000084400000, 0x0000000100000000)
  region size 1024K, 116 young (118784K), 6 survivors (6144K)
 Metaspace       used 85132K, committed 85888K, reserved 1179648K
  class space    used 11300K, committed 11648K, reserved 1048576K
}
Event: 8.819 GC heap after
{Heap after GC invocations=24 (full 0):
 garbage-first heap   total 198656K, used 36442K [0x0000000084400000, 0x0000000100000000)
  region size 1024K, 10 young (10240K), 10 survivors (10240K)
 Metaspace       used 85132K, committed 85888K, reserved 1179648K
  class space    used 11300K, committed 11648K, reserved 1048576K
}

